c:\users\lucas\documents\visual studio 2015\projects\ter\ter\debug\vc140.pdb
c:\users\lucas\documents\visual studio 2015\projects\ter\ter\debug\vc140.idb
c:\users\lucas\documents\visual studio 2015\projects\ter\ter\debug\ca.nativecodeanalysis.xml
c:\users\lucas\documents\visual studio 2015\projects\ter\ter\debug\fuzzyclustering.nativecodeanalysis.xml
c:\users\lucas\documents\visual studio 2015\projects\ter\ter\debug\grayca.nativecodeanalysis.xml
c:\users\lucas\documents\visual studio 2015\projects\ter\ter\debug\ca.obj
c:\users\lucas\documents\visual studio 2015\projects\ter\ter\debug\fuzzyclustering.obj
c:\users\lucas\documents\visual studio 2015\projects\ter\ter\debug\grayca.obj
c:\users\lucas\documents\visual studio 2015\projects\ter\ter\debug\grayfcm.obj
c:\users\lucas\documents\visual studio 2015\projects\ter\ter\debug\rgbca.obj
c:\users\lucas\documents\visual studio 2015\projects\ter\ter\debug\rgbfcm.obj
c:\users\lucas\documents\visual studio 2015\projects\ter\ter\debug\robustca.obj
c:\users\lucas\documents\visual studio 2015\projects\ter\ter\debug\source.obj
c:\users\lucas\documents\visual studio 2015\projects\ter\debug\ter.ilk
c:\users\lucas\documents\visual studio 2015\projects\ter\debug\ter.exe
c:\users\lucas\documents\visual studio 2015\projects\ter\debug\ter.pdb
c:\users\lucas\documents\visual studio 2015\projects\ter\ter\debug\ter.tlog\cl.command.1.tlog
c:\users\lucas\documents\visual studio 2015\projects\ter\ter\debug\ter.tlog\cl.read.1.tlog
c:\users\lucas\documents\visual studio 2015\projects\ter\ter\debug\ter.tlog\cl.write.1.tlog
c:\users\lucas\documents\visual studio 2015\projects\ter\ter\debug\ter.tlog\link.command.1.tlog
c:\users\lucas\documents\visual studio 2015\projects\ter\ter\debug\ter.tlog\link.read.1.tlog
c:\users\lucas\documents\visual studio 2015\projects\ter\ter\debug\ter.tlog\link.write.1.tlog
